Arguments: 
  C:\Program Files\nodejs\node.exe C:\Users\levin\AppData\Roaming\npm\node_modules\yarn\bin\yarn.js dev

PATH: 
  C:\Users\levin\bin;C:\Program Files\Git\mingw64\bin;C:\Program Files\Git\usr\local\bin;C:\Program Files\Git\usr\bin;C:\Program Files\Git\usr\bin;C:\Program Files\Git\mingw64\bin;C:\Program Files\Git\usr\bin;C:\Users\levin\bin;C:\Python310\Scripts;C:\Python310;C:\Windows\system32;C:\Windows;C:\Windows\System32\Wbem;C:\Windows\System32\WindowsPowerShell\v1.0;C:\Windows\System32\OpenSSH;C:\Program Files (x86)\NVIDIA Corporation\PhysX\Common;C:\Program Files\NVIDIA Corporation\NVIDIA NvDLISR;C:\WINDOWS\system32;C:\WINDOWS;C:\WINDOWS\System32\Wbem;C:\WINDOWS\System32\WindowsPowerShell\v1.0;C:\WINDOWS\System32\OpenSSH;C:\Program Files\TortoiseGit\bin;C:\Program Files\Git\cmd;C:\ProgramData\chocolatey\bin;C:\Users\levin\AppData\Roaming\nvm;C:\Program Files\nodejs;C:\Users\levin\AppData\Local\Microsoft\WindowsApps;C:\Users\levin\AppData\Local\Programs\Microsoft VS Code\bin;C:\Users\levin\AppData\Roaming\npm;C:\Users\levin\AppData\Roaming\nvm;C:\Program Files\nodejs;C:\Users\levin\AppData\Local\GitHubDesktop\bin;C:\Program Files\Git\usr\bin;C:\Program Files\Git\usr\bin;C:\Program Files\Git\usr\bin\vendor_perl;C:\Program Files\Git\usr\bin\core_perl

Yarn version: 
  1.22.17

Node version: 
  16.13.1

Platform: 
  win32 x64

Trace: 
  Error: Failed to replace env in config: ${NPM_AUTH_TOKEN}
      at C:\Users\levin\AppData\Roaming\npm\node_modules\yarn\lib\cli.js:99004:13
      at String.replace (<anonymous>)
      at envReplace (C:\Users\levin\AppData\Roaming\npm\node_modules\yarn\lib\cli.js:98999:16)
      at Function.normalizeConfig (C:\Users\levin\AppData\Roaming\npm\node_modules\yarn\lib\cli.js:31930:69)
      at NpmRegistry.<anonymous> (C:\Users\levin\AppData\Roaming\npm\node_modules\yarn\lib\cli.js:31960:34)
      at Generator.next (<anonymous>)
      at step (C:\Users\levin\AppData\Roaming\npm\node_modules\yarn\lib\cli.js:310:30)
      at C:\Users\levin\AppData\Roaming\npm\node_modules\yarn\lib\cli.js:321:13

npm manifest: 
  {
    "name": "gopms-web",
    "version": "0.0.0",
    "scripts": {
      "prepare": "husky install && gitmoji -i",
      "dev": "vite",
      "stag": "vue-tsc --noEmit --skipLibCheck && vite build --mode staging",
      "prod": "vue-tsc --noEmit --skipLibCheck && vite build --mode production .npmrc",
      "preview": "vite preview",
      "lint": "eslint --ext .js,.ts,.vue .",
      "extract-i18n": "tsnd --transpile-only scripts/extractI18n.ts && prettier --write locales",
      "check:types": "vue-tsc --noEmit --skipLibCheck",
      "test:unit": "vitest"
    },
    "dependencies": {
      "@quasar/extras": "^1.12.4",
      "@vueuse/core": "^7.5.5",
      "apexcharts": "^3.35.0",
      "axios": "^0.25.0",
      "quasar": "^2.6.6",
      "vue": "^3.2.25",
      "vue-i18n": "^9.2.0-beta.29",
      "vue-query": "^1.19.0",
      "vue-router": "^4.0.12",
      "vue3-apexcharts": "^1.4.1"
    },
    "devDependencies": {
      "@cypress/vue": "^3.1.0",
      "@intlify/vite-plugin-vue-i18n": "^3.2.1",
      "@mobiscroll/javascript": "5.16.1",
      "@quasar/vite-plugin": "^1.0.4",
      "@testing-library/cypress": "^8.0.2",
      "@testing-library/vue": "^6.4.2",
      "@types/faker": "^5.5.9",
      "@types/node": "^17.0.12",
      "@typescript-eslint/eslint-plugin": "^5.10.1",
      "@typescript-eslint/parser": "^5.10.1",
      "@vitejs/plugin-vue": "^2.0.0",
      "@vue/test-utils": "^2.0.0-rc.18",
      "@withshepherd/faker": "^5.5.5",
      "chalk": "^4.1.2",
      "cypress": "^9.3.1",
      "eslint": "^8.7.0",
      "eslint-config-prettier": "^8.3.0",
      "eslint-plugin-cypress": "^2.12.1",
      "eslint-plugin-prettier": "^4.0.0",
      "eslint-plugin-vue": "^8.3.0",
      "fs-extra": "^10.0.0",
      "gitmoji-cli": "^4.7.0",
      "husky": "^7.0.4",
      "jsdom": "^19.0.0",
      "lint-staged": "^12.3.2",
      "mitt": "^3.0.0",
      "msw": "^0.36.7",
      "object-path": "^0.11.8",
      "prettier": "^2.5.1",
      "pretty-quick": "^3.1.3",
      "sass": "1.32.0",
      "ts-node-dev": "^1.1.8",
      "typescript": "^4.4.4",
      "vite": "^2.7.2",
      "vitest": "^0.2.3",
      "vue-eslint-parser": "^8.2.0",
      "vue-i18n-extract": "^2.0.4",
      "vue-tsc": "^0.29.8"
    }
  }

yarn manifest: 
  No manifest

Lockfile: 
  No lockfile
